This file contains any messages produced by compilers while
running configure, to aid debugging if configure makes a mistake.

It was created by TurboParser configure 2.1.0, which was
generated by GNU Autoconf 2.68.  Invocation command line was

  $ ./configure --no-create --no-recursion

## --------- ##
## Platform. ##
## --------- ##

hostname = lingpenk-ThinkCentre-M92p
uname -m = x86_64
uname -r = 3.8.0-44-generic
uname -s = Linux
uname -v = #66~precise1-Ubuntu SMP Tue Jul 15 04:01:04 UTC 2014

/usr/bin/uname -p = unknown
/bin/uname -X     = unknown

/bin/arch              = unknown
/usr/bin/arch -k       = unknown
/usr/convex/getsysinfo = unknown
/usr/bin/hostinfo      = unknown
/bin/machine           = unknown
/usr/bin/oslevel       = unknown
/bin/universe          = unknown

PATH: /home/lingpenk/bin
PATH: /usr/local/texlive/2013/bin/x86_64-linux
PATH: /usr/local/sbin
PATH: /usr/local/bin
PATH: /usr/sbin
PATH: /usr/bin
PATH: /sbin
PATH: /bin
PATH: /usr/games


## ----------- ##
## Core tests. ##
## ----------- ##

configure:2270: checking for a BSD-compatible install
configure:2338: result: /usr/bin/install -c
configure:2349: checking whether build environment is sane
configure:2399: result: yes
configure:2540: checking for a thread-safe mkdir -p
configure:2579: result: /bin/mkdir -p
configure:2592: checking for gawk
configure:2608: found /usr/bin/gawk
configure:2619: result: gawk
configure:2630: checking whether make sets $(MAKE)
configure:2652: result: yes
configure:2785: checking for g++
configure:2801: found /usr/bin/g++
configure:2812: result: g++
configure:2839: checking for C++ compiler version
configure:2848: g++ --version >&5
g++ (Ubuntu/Linaro 4.6.3-1ubuntu5) 4.6.3
Copyright (C) 2011 Free Software Foundation, Inc.
This is free software; see the source for copying conditions.  There is NO
warranty; not even for MERCHANTABILITY or FITNESS FOR A PARTICULAR PURPOSE.

configure:2859: $? = 0
configure:2848: g++ -v >&5
Using built-in specs.
COLLECT_GCC=g++
COLLECT_LTO_WRAPPER=/usr/lib/gcc/x86_64-linux-gnu/4.6/lto-wrapper
Target: x86_64-linux-gnu
Configured with: ../src/configure -v --with-pkgversion='Ubuntu/Linaro 4.6.3-1ubuntu5' --with-bugurl=file:///usr/share/doc/gcc-4.6/README.Bugs --enable-languages=c,c++,fortran,objc,obj-c++ --prefix=/usr --program-suffix=-4.6 --enable-shared --enable-linker-build-id --with-system-zlib --libexecdir=/usr/lib --without-included-gettext --enable-threads=posix --with-gxx-include-dir=/usr/include/c++/4.6 --libdir=/usr/lib --enable-nls --with-sysroot=/ --enable-clocale=gnu --enable-libstdcxx-debug --enable-libstdcxx-time=yes --enable-gnu-unique-object --enable-plugin --enable-objc-gc --disable-werror --with-arch-32=i686 --with-tune=generic --enable-checking=release --build=x86_64-linux-gnu --host=x86_64-linux-gnu --target=x86_64-linux-gnu
Thread model: posix
gcc version 4.6.3 (Ubuntu/Linaro 4.6.3-1ubuntu5) 
configure:2859: $? = 0
configure:2848: g++ -V >&5
g++: error: unrecognized option '-V'
g++: fatal error: no input files
compilation terminated.
configure:2859: $? = 4
configure:2848: g++ -qversion >&5
g++: error: unrecognized option '-qversion'
g++: fatal error: no input files
compilation terminated.
configure:2859: $? = 4
configure:2879: checking whether the C++ compiler works
configure:2901: g++    conftest.cpp  >&5
configure:2905: $? = 0
configure:2953: result: yes
configure:2956: checking for C++ compiler default output file name
configure:2958: result: a.out
configure:2964: checking for suffix of executables
configure:2971: g++ -o conftest    conftest.cpp  >&5
configure:2975: $? = 0
configure:2997: result: 
configure:3019: checking whether we are cross compiling
configure:3027: g++ -o conftest    conftest.cpp  >&5
configure:3031: $? = 0
configure:3038: ./conftest
configure:3042: $? = 0
configure:3057: result: no
configure:3062: checking for suffix of object files
configure:3084: g++ -c   conftest.cpp >&5
configure:3088: $? = 0
configure:3109: result: o
configure:3113: checking whether we are using the GNU C++ compiler
configure:3132: g++ -c   conftest.cpp >&5
configure:3132: $? = 0
configure:3141: result: yes
configure:3150: checking whether g++ accepts -g
configure:3170: g++ -c -g  conftest.cpp >&5
configure:3170: $? = 0
configure:3211: result: yes
configure:3245: checking for style of include used by make
configure:3273: result: GNU
configure:3299: checking dependency style of g++
configure:3410: result: gcc3
configure:3473: checking for gcc
configure:3489: found /usr/bin/gcc
configure:3500: result: gcc
configure:3729: checking for C compiler version
configure:3738: gcc --version >&5
gcc (Ubuntu/Linaro 4.6.3-1ubuntu5) 4.6.3
Copyright (C) 2011 Free Software Foundation, Inc.
This is free software; see the source for copying conditions.  There is NO
warranty; not even for MERCHANTABILITY or FITNESS FOR A PARTICULAR PURPOSE.

configure:3749: $? = 0
configure:3738: gcc -v >&5
Using built-in specs.
COLLECT_GCC=gcc
COLLECT_LTO_WRAPPER=/usr/lib/gcc/x86_64-linux-gnu/4.6/lto-wrapper
Target: x86_64-linux-gnu
Configured with: ../src/configure -v --with-pkgversion='Ubuntu/Linaro 4.6.3-1ubuntu5' --with-bugurl=file:///usr/share/doc/gcc-4.6/README.Bugs --enable-languages=c,c++,fortran,objc,obj-c++ --prefix=/usr --program-suffix=-4.6 --enable-shared --enable-linker-build-id --with-system-zlib --libexecdir=/usr/lib --without-included-gettext --enable-threads=posix --with-gxx-include-dir=/usr/include/c++/4.6 --libdir=/usr/lib --enable-nls --with-sysroot=/ --enable-clocale=gnu --enable-libstdcxx-debug --enable-libstdcxx-time=yes --enable-gnu-unique-object --enable-plugin --enable-objc-gc --disable-werror --with-arch-32=i686 --with-tune=generic --enable-checking=release --build=x86_64-linux-gnu --host=x86_64-linux-gnu --target=x86_64-linux-gnu
Thread model: posix
gcc version 4.6.3 (Ubuntu/Linaro 4.6.3-1ubuntu5) 
configure:3749: $? = 0
configure:3738: gcc -V >&5
gcc: error: unrecognized option '-V'
gcc: fatal error: no input files
compilation terminated.
configure:3749: $? = 4
configure:3738: gcc -qversion >&5
gcc: error: unrecognized option '-qversion'
gcc: fatal error: no input files
compilation terminated.
configure:3749: $? = 4
configure:3753: checking whether we are using the GNU C compiler
configure:3772: gcc -c   conftest.c >&5
configure:3772: $? = 0
configure:3781: result: yes
configure:3790: checking whether gcc accepts -g
configure:3810: gcc -c -g  conftest.c >&5
configure:3810: $? = 0
configure:3851: result: yes
configure:3868: checking for gcc option to accept ISO C89
configure:3932: gcc  -c -g -O2  conftest.c >&5
configure:3932: $? = 0
configure:3945: result: none needed
configure:3967: checking dependency style of gcc
configure:4078: result: gcc3
configure:4141: checking how to run the C preprocessor
configure:4172: gcc -E -I../../deps/local/include -I/ad3 conftest.c
configure:4172: $? = 0
configure:4186: gcc -E -I../../deps/local/include -I/ad3 conftest.c
conftest.c:9:28: fatal error: ac_nonexistent.h: No such file or directory
compilation terminated.
configure:4186: $? = 1
configure: failed program was:
| /* confdefs.h */
| #define PACKAGE_NAME "TurboParser"
| #define PACKAGE_TARNAME "TurboParser"
| #define PACKAGE_VERSION "2.1.0"
| #define PACKAGE_STRING "TurboParser 2.1.0"
| #define PACKAGE_BUGREPORT "afm@cs.cmu.edu"
| #define PACKAGE_URL "http://www.ark.cs.cmu.edu/TurboParser/"
| /* end confdefs.h.  */
| #include <ac_nonexistent.h>
configure:4211: result: gcc -E
configure:4231: gcc -E -I../../deps/local/include -I/ad3 conftest.c
configure:4231: $? = 0
configure:4245: gcc -E -I../../deps/local/include -I/ad3 conftest.c
conftest.c:9:28: fatal error: ac_nonexistent.h: No such file or directory
compilation terminated.
configure:4245: $? = 1
configure: failed program was:
| /* confdefs.h */
| #define PACKAGE_NAME "TurboParser"
| #define PACKAGE_TARNAME "TurboParser"
| #define PACKAGE_VERSION "2.1.0"
| #define PACKAGE_STRING "TurboParser 2.1.0"
| #define PACKAGE_BUGREPORT "afm@cs.cmu.edu"
| #define PACKAGE_URL "http://www.ark.cs.cmu.edu/TurboParser/"
| /* end confdefs.h.  */
| #include <ac_nonexistent.h>
configure:4274: checking for grep that handles long lines and -e
configure:4332: result: /bin/grep
configure:4337: checking for egrep
configure:4399: result: /bin/grep -E
configure:4404: checking for ANSI C header files
configure:4424: gcc -c -g -O2 -I../../deps/local/include -I/ad3 conftest.c >&5
configure:4424: $? = 0
configure:4497: gcc -o conftest -g -O2 -I../../deps/local/include -I/ad3  conftest.c  >&5
configure:4497: $? = 0
configure:4497: ./conftest
configure:4497: $? = 0
configure:4508: result: yes
configure:4521: checking for sys/types.h
configure:4521: gcc -c -g -O2 -I../../deps/local/include -I/ad3 conftest.c >&5
configure:4521: $? = 0
configure:4521: result: yes
configure:4521: checking for sys/stat.h
configure:4521: gcc -c -g -O2 -I../../deps/local/include -I/ad3 conftest.c >&5
configure:4521: $? = 0
configure:4521: result: yes
configure:4521: checking for stdlib.h
configure:4521: gcc -c -g -O2 -I../../deps/local/include -I/ad3 conftest.c >&5
configure:4521: $? = 0
configure:4521: result: yes
configure:4521: checking for string.h
configure:4521: gcc -c -g -O2 -I../../deps/local/include -I/ad3 conftest.c >&5
configure:4521: $? = 0
configure:4521: result: yes
configure:4521: checking for memory.h
configure:4521: gcc -c -g -O2 -I../../deps/local/include -I/ad3 conftest.c >&5
configure:4521: $? = 0
configure:4521: result: yes
configure:4521: checking for strings.h
configure:4521: gcc -c -g -O2 -I../../deps/local/include -I/ad3 conftest.c >&5
configure:4521: $? = 0
configure:4521: result: yes
configure:4521: checking for inttypes.h
configure:4521: gcc -c -g -O2 -I../../deps/local/include -I/ad3 conftest.c >&5
configure:4521: $? = 0
configure:4521: result: yes
configure:4521: checking for stdint.h
configure:4521: gcc -c -g -O2 -I../../deps/local/include -I/ad3 conftest.c >&5
configure:4521: $? = 0
configure:4521: result: yes
configure:4521: checking for unistd.h
configure:4521: gcc -c -g -O2 -I../../deps/local/include -I/ad3 conftest.c >&5
configure:4521: $? = 0
configure:4521: result: yes
configure:4536: checking stddef.h usability
configure:4536: gcc -c -g -O2 -I../../deps/local/include -I/ad3 conftest.c >&5
configure:4536: $? = 0
configure:4536: result: yes
configure:4536: checking stddef.h presence
configure:4536: gcc -E -I../../deps/local/include -I/ad3 conftest.c
configure:4536: $? = 0
configure:4536: result: yes
configure:4536: checking for stddef.h
configure:4536: result: yes
configure:4536: checking for string.h
configure:4536: result: yes
configure:4536: checking sys/time.h usability
configure:4536: gcc -c -g -O2 -I../../deps/local/include -I/ad3 conftest.c >&5
configure:4536: $? = 0
configure:4536: result: yes
configure:4536: checking sys/time.h presence
configure:4536: gcc -E -I../../deps/local/include -I/ad3 conftest.c
configure:4536: $? = 0
configure:4536: result: yes
configure:4536: checking for sys/time.h
configure:4536: result: yes
configure:4548: checking for stdbool.h that conforms to C99
configure:4615: gcc -c -g -O2 -I../../deps/local/include -I/ad3 conftest.c >&5
configure:4615: $? = 0
configure:4622: result: yes
configure:4624: checking for _Bool
configure:4624: gcc -c -g -O2 -I../../deps/local/include -I/ad3 conftest.c >&5
configure:4624: $? = 0
configure:4624: gcc -c -g -O2 -I../../deps/local/include -I/ad3 conftest.c >&5
conftest.c: In function 'main':
conftest.c:58:20: error: expected expression before ')' token
configure:4624: $? = 1
configure: failed program was:
| /* confdefs.h */
| #define PACKAGE_NAME "TurboParser"
| #define PACKAGE_TARNAME "TurboParser"
| #define PACKAGE_VERSION "2.1.0"
| #define PACKAGE_STRING "TurboParser 2.1.0"
| #define PACKAGE_BUGREPORT "afm@cs.cmu.edu"
| #define PACKAGE_URL "http://www.ark.cs.cmu.edu/TurboParser/"
| #define STDC_HEADERS 1
| #define HAVE_SYS_TYPES_H 1
| #define HAVE_SYS_STAT_H 1
| #define HAVE_STDLIB_H 1
| #define HAVE_STRING_H 1
| #define HAVE_MEMORY_H 1
| #define HAVE_STRINGS_H 1
| #define HAVE_INTTYPES_H 1
| #define HAVE_STDINT_H 1
| #define HAVE_UNISTD_H 1
| #define HAVE_STDDEF_H 1
| #define HAVE_STRING_H 1
| #define HAVE_SYS_TIME_H 1
| /* end confdefs.h.  */
| #include <stdio.h>
| #ifdef HAVE_SYS_TYPES_H
| # include <sys/types.h>
| #endif
| #ifdef HAVE_SYS_STAT_H
| # include <sys/stat.h>
| #endif
| #ifdef STDC_HEADERS
| # include <stdlib.h>
| # include <stddef.h>
| #else
| # ifdef HAVE_STDLIB_H
| #  include <stdlib.h>
| # endif
| #endif
| #ifdef HAVE_STRING_H
| # if !defined STDC_HEADERS && defined HAVE_MEMORY_H
| #  include <memory.h>
| # endif
| # include <string.h>
| #endif
| #ifdef HAVE_STRINGS_H
| # include <strings.h>
| #endif
| #ifdef HAVE_INTTYPES_H
| # include <inttypes.h>
| #endif
| #ifdef HAVE_STDINT_H
| # include <stdint.h>
| #endif
| #ifdef HAVE_UNISTD_H
| # include <unistd.h>
| #endif
| int
| main ()
| {
| if (sizeof ((_Bool)))
| 	    return 0;
|   ;
|   return 0;
| }
configure:4624: result: yes
configure:4640: checking for inline
configure:4656: gcc -c -g -O2 -I../../deps/local/include -I/ad3 conftest.c >&5
configure:4656: $? = 0
configure:4664: result: inline
configure:4686: checking for gettimeofday
configure:4686: gcc -o conftest -g -O2 -I../../deps/local/include -I/ad3  conftest.c  >&5
configure:4686: $? = 0
configure:4686: result: yes
configure:4836: creating ./config.status

## ---------------- ##
## Cache variables. ##
## ---------------- ##

ac_cv_c_compiler_gnu=yes
ac_cv_c_inline=inline
ac_cv_cxx_compiler_gnu=yes
ac_cv_env_CCC_set=
ac_cv_env_CCC_value=
ac_cv_env_CC_set=
ac_cv_env_CC_value=
ac_cv_env_CFLAGS_set=
ac_cv_env_CFLAGS_value=
ac_cv_env_CPPFLAGS_set=
ac_cv_env_CPPFLAGS_value=
ac_cv_env_CPP_set=
ac_cv_env_CPP_value=
ac_cv_env_CXXFLAGS_set=
ac_cv_env_CXXFLAGS_value=
ac_cv_env_CXX_set=
ac_cv_env_CXX_value=
ac_cv_env_LDFLAGS_set=
ac_cv_env_LDFLAGS_value=
ac_cv_env_LIBS_set=
ac_cv_env_LIBS_value=
ac_cv_env_build_alias_set=
ac_cv_env_build_alias_value=
ac_cv_env_host_alias_set=
ac_cv_env_host_alias_value=
ac_cv_env_target_alias_set=
ac_cv_env_target_alias_value=
ac_cv_func_gettimeofday=yes
ac_cv_header_inttypes_h=yes
ac_cv_header_memory_h=yes
ac_cv_header_stdbool_h=yes
ac_cv_header_stdc=yes
ac_cv_header_stddef_h=yes
ac_cv_header_stdint_h=yes
ac_cv_header_stdlib_h=yes
ac_cv_header_string_h=yes
ac_cv_header_strings_h=yes
ac_cv_header_sys_stat_h=yes
ac_cv_header_sys_time_h=yes
ac_cv_header_sys_types_h=yes
ac_cv_header_unistd_h=yes
ac_cv_objext=o
ac_cv_path_EGREP='/bin/grep -E'
ac_cv_path_GREP=/bin/grep
ac_cv_path_install='/usr/bin/install -c'
ac_cv_path_mkdir=/bin/mkdir
ac_cv_prog_AWK=gawk
ac_cv_prog_CPP='gcc -E'
ac_cv_prog_ac_ct_CC=gcc
ac_cv_prog_ac_ct_CXX=g++
ac_cv_prog_cc_c89=
ac_cv_prog_cc_g=yes
ac_cv_prog_cxx_g=yes
ac_cv_prog_make_make_set=yes
ac_cv_type__Bool=yes
am_cv_CC_dependencies_compiler_type=gcc3
am_cv_CXX_dependencies_compiler_type=gcc3

## ----------------- ##
## Output variables. ##
## ----------------- ##

ACLOCAL='${SHELL} /home/lingpenk/TweeboParser/TBParser/missing --run aclocal-1.11'
AMDEPBACKSLASH='\'
AMDEP_FALSE='#'
AMDEP_TRUE=''
AMTAR='$${TAR-tar}'
AUTOCONF='${SHELL} /home/lingpenk/TweeboParser/TBParser/missing --run autoconf'
AUTOHEADER='${SHELL} /home/lingpenk/TweeboParser/TBParser/missing --run autoheader'
AUTOMAKE='${SHELL} /home/lingpenk/TweeboParser/TBParser/missing --run automake-1.11'
AWK='gawk'
CC='gcc'
CCDEPMODE='depmode=gcc3'
CFLAGS='-g -O2'
CPP='gcc -E'
CPPFLAGS='-I../../deps/local/include -I/ad3'
CXX='g++'
CXXDEPMODE='depmode=gcc3'
CXXFLAGS='-g -O2'
CYGPATH_W='echo'
DEBUG_FALSE=''
DEBUG_TRUE='#'
DEFS='-DHAVE_CONFIG_H'
DEPDIR='.deps'
ECHO_C=''
ECHO_N='-n'
ECHO_T=''
EGREP='/bin/grep -E'
EXEEXT=''
GREP='/bin/grep'
INSTALL_DATA='${INSTALL} -m 644'
INSTALL_PROGRAM='${INSTALL}'
INSTALL_SCRIPT='${INSTALL}'
INSTALL_STRIP_PROGRAM='$(install_sh) -c -s'
LDFLAGS=''
LFLAGS='-L../../deps/local/lib -lad3 -lgflags -lglog'
LIBOBJS=''
LIBS=''
LTLIBOBJS=''
MAKEINFO='${SHELL} /home/lingpenk/TweeboParser/TBParser/missing --run makeinfo'
MKDIR_P='/bin/mkdir -p'
OBJEXT='o'
PACKAGE='TurboParser'
PACKAGE_BUGREPORT='afm@cs.cmu.edu'
PACKAGE_NAME='TurboParser'
PACKAGE_STRING='TurboParser 2.1.0'
PACKAGE_TARNAME='TurboParser'
PACKAGE_URL='http://www.ark.cs.cmu.edu/TurboParser/'
PACKAGE_VERSION='2.1.0'
PATH_SEPARATOR=':'
SET_MAKE=''
SHELL='/bin/bash'
STRIP=''
VERSION='2.1.0'
ac_ct_CC='gcc'
ac_ct_CXX='g++'
am__EXEEXT_FALSE=''
am__EXEEXT_TRUE='#'
am__fastdepCC_FALSE='#'
am__fastdepCC_TRUE=''
am__fastdepCXX_FALSE='#'
am__fastdepCXX_TRUE=''
am__include='include'
am__isrc=''
am__leading_dot='.'
am__nodep='_no'
am__quote=''
am__tar='$${TAR-tar} chof - "$$tardir"'
am__untar='$${TAR-tar} xf -'
bindir='${exec_prefix}/bin'
build_alias=''
datadir='${datarootdir}'
datarootdir='${prefix}/share'
docdir='${datarootdir}/doc/${PACKAGE_TARNAME}'
dvidir='${docdir}'
exec_prefix='${prefix}'
host_alias=''
htmldir='${docdir}'
includedir='${prefix}/include'
infodir='${datarootdir}/info'
install_sh='${SHELL} /home/lingpenk/TweeboParser/TBParser/install-sh'
libdir='${exec_prefix}/lib'
libexecdir='${exec_prefix}/libexec'
localedir='${datarootdir}/locale'
localstatedir='${prefix}/var'
mandir='${datarootdir}/man'
mkdir_p='/bin/mkdir -p'
oldincludedir='/usr/include'
pdfdir='${docdir}'
prefix='/usr/local'
program_transform_name='s,x,x,'
psdir='${docdir}'
sbindir='${exec_prefix}/sbin'
sharedstatedir='${prefix}/com'
sysconfdir='${prefix}/etc'
target_alias=''

## ----------- ##
## confdefs.h. ##
## ----------- ##

/* confdefs.h */
#define PACKAGE_NAME "TurboParser"
#define PACKAGE_TARNAME "TurboParser"
#define PACKAGE_VERSION "2.1.0"
#define PACKAGE_STRING "TurboParser 2.1.0"
#define PACKAGE_BUGREPORT "afm@cs.cmu.edu"
#define PACKAGE_URL "http://www.ark.cs.cmu.edu/TurboParser/"
#define STDC_HEADERS 1
#define HAVE_SYS_TYPES_H 1
#define HAVE_SYS_STAT_H 1
#define HAVE_STDLIB_H 1
#define HAVE_STRING_H 1
#define HAVE_MEMORY_H 1
#define HAVE_STRINGS_H 1
#define HAVE_INTTYPES_H 1
#define HAVE_STDINT_H 1
#define HAVE_UNISTD_H 1
#define HAVE_STDDEF_H 1
#define HAVE_STRING_H 1
#define HAVE_SYS_TIME_H 1
#define HAVE__BOOL 1
#define HAVE_STDBOOL_H 1
#define HAVE_GETTIMEOFDAY 1

configure: exit 0

## ---------------------- ##
## Running config.status. ##
## ---------------------- ##

This file was extended by TurboParser config.status 2.1.0, which was
generated by GNU Autoconf 2.68.  Invocation command line was

  CONFIG_FILES    = 
  CONFIG_HEADERS  = 
  CONFIG_LINKS    = 
  CONFIG_COMMANDS = 
  $ ./config.status 

on lingpenk-ThinkCentre-M92p

config.status:876: creating Makefile
config.status:876: creating src/tagger/Makefile
config.status:876: creating src/parser/Makefile
config.status:876: creating config.h
config.status:1057: config.h is unchanged
config.status:1105: executing depfiles commands
